c:\prog\fr4-quad\vrep\code\quadvrep\quadvrep\debug\vc140.pdb
c:\prog\fr4-quad\vrep\code\quadvrep\quadvrep\debug\vc140.idb
c:\prog\fr4-quad\vrep\code\quadvrep\quadvrep\debug\main.obj
c:\prog\fr4-quad\vrep\code\quadvrep\quadvrep\debug\extapi.obj
c:\prog\fr4-quad\vrep\code\quadvrep\quadvrep\debug\extapiplatform.obj
c:\prog\fr4-quad\vrep\code\quadvrep\quadvrep\debug\luafunctiondata.obj
c:\prog\fr4-quad\vrep\code\quadvrep\quadvrep\debug\luafunctiondataitem.obj
c:\prog\fr4-quad\vrep\code\quadvrep\quadvrep\debug\scriptfunctiondata.obj
c:\prog\fr4-quad\vrep\code\quadvrep\quadvrep\debug\scriptfunctiondataitem.obj
c:\prog\fr4-quad\vrep\code\quadvrep\quadvrep\debug\socketoutconnection.obj
c:\prog\fr4-quad\vrep\code\quadvrep\quadvrep\debug\v_replib.obj
c:\prog\fr4-quad\vrep\code\quadvrep\quadvrep\debug\stackarray.obj
c:\prog\fr4-quad\vrep\code\quadvrep\quadvrep\debug\stackbool.obj
c:\prog\fr4-quad\vrep\code\quadvrep\quadvrep\debug\stackmap.obj
c:\prog\fr4-quad\vrep\code\quadvrep\quadvrep\debug\stacknull.obj
c:\prog\fr4-quad\vrep\code\quadvrep\quadvrep\debug\stacknumber.obj
c:\prog\fr4-quad\vrep\code\quadvrep\quadvrep\debug\stackobject.obj
c:\prog\fr4-quad\vrep\code\quadvrep\quadvrep\debug\stackstring.obj
c:\prog\fr4-quad\vrep\code\quadvrep\quadvrep\debug\socketinconnection.obj
c:\prog\fr4-quad\vrep\code\quadvrep\quadvrep\debug\shared_memory.obj
c:\prog\fr4-quad\vrep\code\quadvrep\debug\quadvrep.ilk
c:\prog\fr4-quad\vrep\code\quadvrep\debug\quadvrep.exe
c:\prog\fr4-quad\vrep\code\quadvrep\debug\quadvrep.pdb
c:\prog\fr4-quad\vrep\code\quadvrep\debug\quadvrep.lib
c:\prog\fr4-quad\vrep\code\quadvrep\debug\quadvrep.exp
c:\prog\fr4-quad\vrep\code\quadvrep\quadvrep\debug\quadvrep.tlog\cl.command.1.tlog
c:\prog\fr4-quad\vrep\code\quadvrep\quadvrep\debug\quadvrep.tlog\cl.read.1.tlog
c:\prog\fr4-quad\vrep\code\quadvrep\quadvrep\debug\quadvrep.tlog\cl.write.1.tlog
c:\prog\fr4-quad\vrep\code\quadvrep\quadvrep\debug\quadvrep.tlog\link.command.1.tlog
c:\prog\fr4-quad\vrep\code\quadvrep\quadvrep\debug\quadvrep.tlog\link.read.1.tlog
c:\prog\fr4-quad\vrep\code\quadvrep\quadvrep\debug\quadvrep.tlog\link.write.1.tlog
c:\prog\fr4-quad\vrep\code\quadvrep\quadvrep\debug\quadvrep.tlog\quadvrep.write.1u.tlog
